<?xml version="1.0" encoding="UTF-8"?>
<!-- Generated by org.testng.reporters.JUnitXMLReporter -->
<testsuite ignored="13" hostname="DESKTOP-NFTQBJJ" failures="0" tests="1" name="Default test" time="44.797" errors="0" timestamp="2022-11-04T17:23:56 IST">
  <testcase classname="TestCases.ManagerHomePageTest" name="verifyListOfCustomersTest" time="29.947"/>
  <testcase classname="TestCases.ManagerHomePageTest" name="verifyXyzBankTextTest" time="0.0">
    <ignored/>
  </testcase> <!-- verifyXyzBankTextTest -->
  <testcase classname="TestCases.ManagerHomePageTest" name="verifyAddCustomerProcess3Test" time="0.0">
    <ignored/>
  </testcase> <!-- verifyAddCustomerProcess3Test -->
  <testcase classname="TestCases.ManagerHomePageTest" name="verifyCustomerAddBtnEnableTest" time="0.0">
    <ignored/>
  </testcase> <!-- verifyCustomerAddBtnEnableTest -->
  <testcase classname="TestCases.ManagerHomePageTest" name="verifyOpenAccountProcess1Test" time="0.0">
    <ignored/>
  </testcase> <!-- verifyOpenAccountProcess1Test -->
  <testcase classname="TestCases.ManagerHomePageTest" name="verifyAddCustomerProcess1Test" time="0.0">
    <ignored/>
  </testcase> <!-- verifyAddCustomerProcess1Test -->
  <testcase classname="TestCases.ManagerHomePageTest" name="verifyAddCustomerProcess4Test" time="0.0">
    <ignored/>
  </testcase> <!-- verifyAddCustomerProcess4Test -->
  <testcase classname="TestCases.ManagerHomePageTest" name="verifyOpenAccountProcessTest" time="0.0">
    <ignored/>
  </testcase> <!-- verifyOpenAccountProcessTest -->
  <testcase classname="TestCases.ManagerHomePageTest" name="verifyOpenAccountBtnTest" time="0.0">
    <ignored/>
  </testcase> <!-- verifyOpenAccountBtnTest -->
  <testcase classname="TestCases.ManagerHomePageTest" name="verifyHomeBtnEnableTest" time="0.0">
    <ignored/>
  </testcase> <!-- verifyHomeBtnEnableTest -->
  <testcase classname="TestCases.ManagerHomePageTest" name="verifyAddCustomerProcess2Test" time="0.0">
    <ignored/>
  </testcase> <!-- verifyAddCustomerProcess2Test -->
  <testcase classname="TestCases.ManagerHomePageTest" name="verifyCustomersNameTest" time="0.0">
    <ignored/>
  </testcase> <!-- verifyCustomersNameTest -->
  <testcase classname="TestCases.ManagerHomePageTest" name="verifyCustomerBtnEnableTest" time="0.0">
    <ignored/>
  </testcase> <!-- verifyCustomerBtnEnableTest -->
  <testcase classname="TestCases.ManagerHomePageTest" name="verifyHomeBtnClickTest" time="0.0">
    <ignored/>
  </testcase> <!-- verifyHomeBtnClickTest -->
</testsuite> <!-- Default test -->
