<?xml version="1.0" encoding="UTF-8"?>
<!-- Generated by org.testng.reporters.JUnitXMLReporter -->
<testsuite ignored="10" hostname="DESKTOP-NFTQBJJ" failures="0" tests="3" name="Test" time="40.457" errors="0" timestamp="2022-10-29T22:56:35 IST">
  <testcase classname="TestCases.GroupClass" name="verifyHomeButtonDisplayTest" time="1.078"/>
  <testcase classname="TestCases.GroupClass" name="verifyUrlTest" time="0.034"/>
  <testcase classname="TestCases.GroupClass" name="verifyXyzBankTextTest" time="1.298"/>
  <testcase classname="TestCases.GroupClass" name="verifyBankManagerLoginButtonDisplayTest" time="0.0">
    <ignored/>
  </testcase> <!-- verifyBankManagerLoginButtonDisplayTest -->
  <testcase classname="TestCases.GroupClass" name="verifyCustomerLoginButtonUrlTest" time="0.0">
    <ignored/>
  </testcase> <!-- verifyCustomerLoginButtonUrlTest -->
  <testcase classname="TestCases.GroupClass" name="verifyTitleTest" time="0.0">
    <ignored/>
  </testcase> <!-- verifyTitleTest -->
  <testcase classname="TestCases.GroupClass" name="verifyHomeButtonEnableTest" time="0.0">
    <ignored/>
  </testcase> <!-- verifyHomeButtonEnableTest -->
  <testcase classname="TestCases.GroupClass" name="verifyBankManagerLoginButtonEnableTest" time="0.0">
    <ignored/>
  </testcase> <!-- verifyBankManagerLoginButtonEnableTest -->
  <testcase classname="TestCases.GroupClass" name="verifyBankManagerLoginNextPageValidationTest" time="0.0">
    <ignored/>
  </testcase> <!-- verifyBankManagerLoginNextPageValidationTest -->
  <testcase classname="TestCases.GroupClass" name="verifyCustomerLoginButtonDisplayTest" time="0.0">
    <ignored/>
  </testcase> <!-- verifyCustomerLoginButtonDisplayTest -->
  <testcase classname="TestCases.GroupClass" name="verifyCustomerLoginNextPageValidationTest" time="0.0">
    <ignored/>
  </testcase> <!-- verifyCustomerLoginNextPageValidationTest -->
  <testcase classname="TestCases.GroupClass" name="verifyCustomerLoginButtonEnableTest" time="0.0">
    <ignored/>
  </testcase> <!-- verifyCustomerLoginButtonEnableTest -->
  <testcase classname="TestCases.GroupClass" name="bankManagerNextPageUrlTest" time="0.0">
    <ignored/>
  </testcase> <!-- bankManagerNextPageUrlTest -->
</testsuite> <!-- Test -->
